
xv6 kernel is booting

[MP2] Slab size: 3
[SLAB] New kmem_cache (name: file_cache, object size: 504 bytes, at: 0x0000000087f59000, max objects per slab: 8, support in cache obj: 7) is created
hart 1 starting
hart 2 starting
[SLAB] Alloc request on cache file_cache
[SLAB] Object 0x0000000087f59058 in slab 0x0000000087f59000 (file_cache) is allocated and initialized
init: starting sh
[SLAB] Alloc request on cache file_cache
[SLAB] Object 0x0000000087f59250 in slab 0x0000000087f59000 (file_cache) is allocated and initialized
[SLAB] Free 0x0000000087f59250 in slab 0x0000000087f59000 (file_cache)
[SLAB] End of free
$ echo Meow | tee f1 | tee f2 | tee f3 | tee f4 | tee f5 | tee f6 | tee f7 > f8
[SLAB] Alloc request on cache file_cache
[SLAB] Object 0x0000000087f59250 in slab 0x0000000087f59000 (file_cache) is allocated and initialized
[SLAB] Alloc request on cache file_cache
[SLAB] Object 0x0000000087f59448 in slab 0x0000000087f59000 (file_cache) is allocated and initialized
[SLAB] Alloc request on cache file_cache
[SLAB] Object 0x0000000087f59640 in slab 0x0000000087f59000 (file_cache) is allocated and initialized
[SLAB] Alloc request on cache file_cache
[SLAB] Object 0x0000000087f59838 in slab 0x0000000087f59000 (file_cache) is allocated and initialized
[SLAB] Alloc request on cache file_cache
[SLAB] Object 0x0000000087f59a30 in slab 0x0000000087f59000 (file_cache) is allocated and initialized
[SLAB] Alloc request on cache file_cache
[SLAB] Object 0x0000000087f59c28 in slab 0x0000000087f59000 (file_cache) is allocated and initialized
[SLAB] Alloc request on cache file_cache
[SLAB] A new slab 0x0000000087e71000 (file_cache) is allocated
[SLAB] Object 0x0000000087e71018 in slab 0x0000000087e71000 (file_cache) is allocated and initialized
[SLAB] Alloc request on cache file_cache
[SLAB] Object 0x0000000087e71210 in slab 0x0000000087e71000 (file_cache) is allocated and initialized
[SLAB] Free 0x0000000087f59448 in slab 0x0000000087f59000 (file_cache)
[SLAB] End of free
[SLAB] Alloc request on cache file_cache
[SLAB] Object 0x0000000087f59448 in slab 0x0000000087f59000 (file_cache) is allocated and initialized
[SLAB] Alloc request on cache file_cache
[SLAB] Object 0x0000000087e71408 in slab 0x0000000087e71000 (file_cache) is allocated and initialized
[SLAB] Alloc request on cache file_cache
[SLAB] Object 0x0000000087e71600 in slab 0x0000000087e71000 (file_cache) is allocated and initialized
[SLAB] Alloc request on cache file_cache
[SLAB] Object 0x0000000087e717f8 in slab 0x0000000087e71000 (file_cache) is allocated and initialized
[SLAB] Alloc request on cache file_cache
[SLAB] Object 0x0000000087e719f0 in slab 0x0000000087e71000 (file_cache) is allocated and initialized
[SLAB] Alloc request on cache file_cache
[SLAB] Object 0x0000000087e71be8 in slab 0x0000000087e71000 (file_cache) is allocated and initialized
[SLAB] Alloc request on cache file_cache
[SLAB] Object 0x0000000087e71de0 in slab 0x0000000087e71000 (file_cache) is allocated and initialized
[SLAB] Alloc request on cache file_cache
[SLAB] A new slab 0x0000000087f1d000 (file_cache) is allocated
[SLAB] Object 0x0000000087f1d018 in slab 0x0000000087f1d000 (file_cache) is allocated and initialized
[SLAB] Alloc request on cache file_cache
[SLAB] Object 0x0000000087f1d210 in slab 0x0000000087f1d000 (file_cache) is allocated and initialized
[SLAB] Alloc request on cache file_cache
[SLAB] Object 0x0000000087f1d408 in slab 0x0000000087f1d000 (file_cache) is allocated and initialized
[SLAB] Alloc request on cache file_cache
[SLAB] Object 0x0000000087f1d600 in slab 0x0000000087f1d000 (file_cache) is allocated and initialized
[SLAB] Alloc request on cache file_cache
[SLAB] Object 0x0000000087f1d7f8 in slab 0x0000000087f1d000 (file_cache) is allocated and initialized
[SLAB] Free 0x0000000087e71de0 in slab 0x0000000087e71000 (file_cache)
[SLAB] End of free
[SLAB] Free 0x0000000087f59838 in slab 0x0000000087f59000 (file_cache)
[SLAB] End of free
[SLAB] Alloc request on cache file_cache
[SLAB] Object 0x0000000087f59838 in slab 0x0000000087f59000 (file_cache) is allocated and initialized
[SLAB] Alloc request on cache file_cache
[SLAB] Object 0x0000000087e71de0 in slab 0x0000000087e71000 (file_cache) is allocated and initialized
[SLAB] Free 0x0000000087e71de0 in slab 0x0000000087e71000 (file_cache)
[SLAB] End of free
[SLAB] Free 0x0000000087f59c28 in slab 0x0000000087f59000 (file_cache)
[SLAB] End of free
[SLAB] Free 0x0000000087f1d018 in slab 0x0000000087f1d000 (file_cache)
[SLAB] End of free
[SLAB] Free 0x0000000087e71210 in slab 0x0000000087e71000 (file_cache)
[SLAB] End of free
[SLAB] Free 0x0000000087f1d7f8 in slab 0x0000000087f1d000 (file_cache)
[SLAB] End of free
[SLAB] Free 0x0000000087e71408 in slab 0x0000000087e71000 (file_cache)
[SLAB] End of free
[SLAB] Free 0x0000000087f1d408 in slab 0x0000000087f1d000 (file_cache)
[SLAB] End of free
[SLAB] Free 0x0000000087e717f8 in slab 0x0000000087e71000 (file_cache)
[SLAB] End of free
[SLAB] Free 0x0000000087f1d210 in slab 0x0000000087f1d000 (file_cache)
[SLAB] End of free
[SLAB] Free 0x0000000087e71be8 in slab 0x0000000087e71000 (file_cache)
[SLAB] End of free
[SLAB] Free 0x0000000087f59838 in slab 0x0000000087f59000 (file_cache)
[SLAB] End of free
[SLAB] Free 0x0000000087e719f0 in slab 0x0000000087e71000 (file_cache)
[SLAB] End of free
[SLAB] Free 0x0000000087f1d600 in slab 0x0000000087f1d000 (file_cache)
[SLAB] End of free
[SLAB] Free 0x0000000087e71600 in slab 0x0000000087e71000 (file_cache)
[SLAB] End of free
[SLAB] Free 0x0000000087f59448 in slab 0x0000000087f59000 (file_cache)
[SLAB] End of free
[SLAB] Free 0x0000000087e71018 in slab 0x0000000087e71000 (file_cache)
[SLAB] End of free
[SLAB] Free 0x0000000087f59a30 in slab 0x0000000087f59000 (file_cache)
[SLAB] End of free
[SLAB] Free 0x0000000087f59640 in slab 0x0000000087f59000 (file_cache)
[SLAB] End of free
[SLAB] Free 0x0000000087f59250 in slab 0x0000000087f59000 (file_cache)
[SLAB] End of free
$ checkstr f7 Meow
[SLAB] Alloc request on cache file_cache
[SLAB] Object 0x0000000087f59250 in slab 0x0000000087f59000 (file_cache) is allocated and initialized
[SLAB] Free 0x0000000087f59250 in slab 0x0000000087f59000 (file_cache)
[SLAB] End of free
Contents match: 'Meow' equals 'Meow'
$ checkstr f8 Meow
[SLAB] Alloc request on cache file_cache
[SLAB] Object 0x0000000087f59250 in slab 0x0000000087f59000 (file_cache) is allocated and initialized
[SLAB] Free 0x0000000087f59250 in slab 0x0000000087f59000 (file_cache)
[SLAB] End of free
Contents match: 'Meow' equals 'Meow'
$ qemu-system-riscv64: terminating on signal 15 from pid 1113 (make)
