
xv6 kernel is booting

[MP2] Slab size: 3
[SLAB] New kmem_cache (name: file_cache, object size: 504 bytes, at: 0x0000000087f59000, max objects per slab: 8, support in cache obj: 7) is created
hart 2 starting
hart 1 starting
[SLAB] Alloc request on cache file_cache
[SLAB] Object 0x0000000087f59058 in slab 0x0000000087f59000 (file_cache) is allocated and initialized
init: starting sh
[SLAB] Alloc request on cache file_cache
[SLAB] Object 0x0000000087f59250 in slab 0x0000000087f59000 (file_cache) is allocated and initialized
[SLAB] Free 0x0000000087f59250 in slab 0x0000000087f59000 (file_cache)
[SLAB] End of free
$ echo Ok | gah . 16 | oak end > ok
[SLAB] Alloc request on cache file_cache
[SLAB] Object 0x0000000087f59250 in slab 0x0000000087f59000 (file_cache) is allocated and initialized
[SLAB] Alloc request on cache file_cache
[SLAB] Object 0x0000000087f59448 in slab 0x0000000087f59000 (file_cache) is allocated and initialized
[SLAB] Alloc request on cache file_cache
[SLAB] Object 0x0000000087f59640 in slab 0x0000000087f59000 (file_cache) is allocated and initialized
[SLAB] Alloc request on cache file_cache
[SLAB] Object 0x0000000087f59838 in slab 0x0000000087f59000 (file_cache) is allocated and initialized
[SLAB] Free 0x0000000087f59448 in slab 0x0000000087f59000 (file_cache)
[SLAB] End of free
[SLAB] Alloc request on cache file_cache
[SLAB] Object 0x0000000087f59448 in slab 0x0000000087f59000 (file_cache) is allocated and initialized
[SLAB] Alloc request on cache file_cache
[SLAB] Object 0x0000000087f59a30 in slab 0x0000000087f59000 (file_cache) is allocated and initialized
[SLAB] Alloc request on cache file_cache
[SLAB] Object 0x0000000087f59c28 in slab 0x0000000087f59000 (file_cache) is allocated and initialized
[SLAB] Alloc request on cache file_cache
[SLAB] A new slab 0x0000000087eba000 (file_cache) is allocated
[SLAB] Object 0x0000000087eba018 in slab 0x0000000087eba000 (file_cache) is allocated and initialized
[SLAB] Alloc request on cache file_cache
[SLAB] Object 0x0000000087eba210 in slab 0x0000000087eba000 (file_cache) is allocated and initialized
[SLAB] Alloc request on cache file_cache
[SLAB] Object 0x0000000087eba408 in slab 0x0000000087eba000 (file_cache) is allocated and initialized
[SLAB] Alloc request on cache file_cache
[SLAB] Object 0x0000000087eba600 in slab 0x0000000087eba000 (file_cache) is allocated and initialized
[SLAB] Alloc request on cache file_cache
[SLAB] Object 0x0000000087eba7f8 in slab 0x0000000087eba000 (file_cache) is allocated and initialized
[SLAB] Alloc request on cache file_cache
[SLAB] Object 0x0000000087eba9f0 in slab 0x0000000087eba000 (file_cache) is allocated and initialized
[SLAB] Alloc request on cache file_cache
[SLAB] Object 0x0000000087ebabe8 in slab 0x0000000087eba000 (file_cache) is allocated and initialized
[SLAB] Alloc request on cache file_cache
[SLAB] Object 0x0000000087ebade0 in slab 0x0000000087eba000 (file_cache) is allocated and initialized
[SLAB] Alloc request on cache file_cache
[SLAB] A new slab 0x0000000087eb9000 (file_cache) is allocated
[SLAB] Object 0x0000000087eb9018 in slab 0x0000000087eb9000 (file_cache) is allocated and initialized
[SLAB] Alloc request on cache file_cache
[SLAB] Object 0x0000000087eb9210 in slab 0x0000000087eb9000 (file_cache) is allocated and initialized
[SLAB] Alloc request on cache file_cache
[SLAB] Object 0x0000000087eb9408 in slab 0x0000000087eb9000 (file_cache) is allocated and initialized
[SLAB] Alloc request on cache file_cache
[SLAB] Object 0x0000000087eb9600 in slab 0x0000000087eb9000 (file_cache) is allocated and initialized
[SLAB] Alloc request on cache file_cache
[SLAB] Object 0x0000000087eb97f8 in slab 0x0000000087eb9000 (file_cache) is allocated and initialized
[SLAB] Alloc request on cache file_cache
[SLAB] Object 0x0000000087eb99f0 in slab 0x0000000087eb9000 (file_cache) is allocated and initialized
[SLAB] Free 0x0000000087f59640 in slab 0x0000000087f59000 (file_cache)
[SLAB] End of free
[SLAB] Free 0x0000000087f59448 in slab 0x0000000087f59000 (file_cache)
[SLAB] End of free
[SLAB] Free 0x0000000087f59838 in slab 0x0000000087f59000 (file_cache)
[SLAB] End of free
[SLAB] Free 0x0000000087f59a30 in slab 0x0000000087f59000 (file_cache)
[SLAB] End of free
[SLAB] Free 0x0000000087f59c28 in slab 0x0000000087f59000 (file_cache)
[SLAB] End of free
[SLAB] Free 0x0000000087eba018 in slab 0x0000000087eba000 (file_cache)
[SLAB] End of free
[SLAB] Free 0x0000000087eba210 in slab 0x0000000087eba000 (file_cache)
[SLAB] End of free
[SLAB] Free 0x0000000087eba408 in slab 0x0000000087eba000 (file_cache)
[SLAB] End of free
[SLAB] Free 0x0000000087eba600 in slab 0x0000000087eba000 (file_cache)
[SLAB] End of free
[SLAB] Free 0x0000000087eba7f8 in slab 0x0000000087eba000 (file_cache)
[SLAB] End of free
[SLAB] Free 0x0000000087eba9f0 in slab 0x0000000087eba000 (file_cache)
[SLAB] End of free
[SLAB] Free 0x0000000087ebabe8 in slab 0x0000000087eba000 (file_cache)
[SLAB] End of free
[SLAB] Free 0x0000000087ebade0 in slab 0x0000000087eba000 (file_cache)
[SLAB] End of free
[SLAB] Free 0x0000000087eb9018 in slab 0x0000000087eb9000 (file_cache)
[SLAB] End of free
[SLAB] Free 0x0000000087eb9210 in slab 0x0000000087eb9000 (file_cache)
[SLAB] End of free
[SLAB] Free 0x0000000087eb9408 in slab 0x0000000087eb9000 (file_cache)
[SLAB] End of free
[SLAB] Free 0x0000000087eb9600 in slab 0x0000000087eb9000 (file_cache)
[SLAB] End of free
[SLAB] Free 0x0000000087eb97f8 in slab 0x0000000087eb9000 (file_cache)
[SLAB] End of free
[SLAB] Free 0x0000000087eb99f0 in slab 0x0000000087eb9000 (file_cache)
[SLAB] End of free
[SLAB] Free 0x0000000087f59250 in slab 0x0000000087f59000 (file_cache)
[SLAB] End of free
$ checkstr ok Ok
[SLAB] Alloc request on cache file_cache
[SLAB] Object 0x0000000087f59250 in slab 0x0000000087f59000 (file_cache) is allocated and initialized
[SLAB] Free 0x0000000087f59250 in slab 0x0000000087f59000 (file_cache)
[SLAB] End of free
Contents match: 'Ok' equals 'Ok'
$ qemu-system-riscv64: terminating on signal 15 from pid 765 (make)
