
xv6 kernel is booting

[MP2] Slab size: 3
[SLAB] New kmem_cache (name: file_cache, object size: 504 bytes, at: 0x0000000087f59000, max objects per slab: 8, support in cache obj: 7) is created
hart 2 starting
hart 1 starting
[SLAB] Alloc request on cache file_cache
[SLAB] Object 0x0000000087f59058 in slab 0x0000000087f59000 (file_cache) is allocated and initialized
init: starting sh
[SLAB] Alloc request on cache file_cache
[SLAB] Object 0x0000000087f59250 in slab 0x0000000087f59000 (file_cache) is allocated and initialized
[SLAB] Free 0x0000000087f59250 in slab 0x0000000087f59000 (file_cache)
[SLAB] End of free
$ echo Ok | gah . 8 | oak | gah . 8 | oak end > ok
[SLAB] Alloc request on cache file_cache
[SLAB] Object 0x0000000087f59250 in slab 0x0000000087f59000 (file_cache) is allocated and initialized
[SLAB] Alloc request on cache file_cache
[SLAB] Object 0x0000000087f59448 in slab 0x0000000087f59000 (file_cache) is allocated and initialized
[SLAB] Alloc request on cache file_cache
[SLAB] Object 0x0000000087f59640 in slab 0x0000000087f59000 (file_cache) is allocated and initialized
[SLAB] Alloc request on cache file_cache
[SLAB] Object 0x0000000087f59838 in slab 0x0000000087f59000 (file_cache) is allocated and initialized
[SLAB] Alloc request on cache file_cache
[SLAB] Object 0x0000000087f59a30 in slab 0x0000000087f59000 (file_cache) is allocated and initialized
[SLAB] Alloc request on cache file_cache
[SLAB] Object 0x0000000087f59c28 in slab 0x0000000087f59000 (file_cache) is allocated and initialized
[SLAB] Alloc request on cache file_cache
[SLAB] A new slab 0x0000000087e75000 (file_cache) is allocated
[SLAB] Object 0x0000000087e75018 in slab 0x0000000087e75000 (file_cache) is allocated and initialized
[SLAB] Alloc request on cache file_cache
[SLAB] Object 0x0000000087e75210 in slab 0x0000000087e75000 (file_cache) is allocated and initialized
[SLAB] Free 0x0000000087f59448 in slab 0x0000000087f59000 (file_cache)
[SLAB] End of free
[SLAB] Alloc request on cache file_cache
[SLAB] Object 0x0000000087f59448 in slab 0x0000000087f59000 (file_cache) is allocated and initialized
[SLAB] Alloc request on cache file_cache
[SLAB] Object 0x0000000087e75408 in slab 0x0000000087e75000 (file_cache) is allocated and initialized
[SLAB] Alloc request on cache file_cache
[SLAB] Object 0x0000000087e75600 in slab 0x0000000087e75000 (file_cache) is allocated and initialized
[SLAB] Alloc request on cache file_cache
[SLAB] Object 0x0000000087e757f8 in slab 0x0000000087e75000 (file_cache) is allocated and initialized
[SLAB] Alloc request on cache file_cache
[SLAB] Object 0x0000000087e759f0 in slab 0x0000000087e75000 (file_cache) is allocated and initialized
[SLAB] Alloc request on cache file_cache
[SLAB] Object 0x0000000087e75be8 in slab 0x0000000087e75000 (file_cache) is allocated and initialized
[SLAB] Alloc request on cache file_cache
[SLAB] Object 0x0000000087e75de0 in slab 0x0000000087e75000 (file_cache) is allocated and initialized
[SLAB] Alloc request on cache file_cache
[SLAB] A new slab 0x0000000087ee7000 (file_cache) is allocated
[SLAB] Object 0x0000000087ee7018 in slab 0x0000000087ee7000 (file_cache) is allocated and initialized
[SLAB] Alloc request on cache file_cache
[SLAB] Object 0x0000000087ee7210 in slab 0x0000000087ee7000 (file_cache) is allocated and initialized
[SLAB] Free 0x0000000087f59c28 in slab 0x0000000087f59000 (file_cache)
[SLAB] End of free
[SLAB] Free 0x0000000087f59838 in slab 0x0000000087f59000 (file_cache)
[SLAB] End of free
[SLAB] Free 0x0000000087e75408 in slab 0x0000000087e75000 (file_cache)
[SLAB] End of free
[SLAB] Free 0x0000000087e75600 in slab 0x0000000087e75000 (file_cache)
[SLAB] End of free
[SLAB] Free 0x0000000087e757f8 in slab 0x0000000087e75000 (file_cache)
[SLAB] End of free
[SLAB] Free 0x0000000087e759f0 in slab 0x0000000087e75000 (file_cache)
[SLAB] End of free
[SLAB] Free 0x0000000087e75be8 in slab 0x0000000087e75000 (file_cache)
[SLAB] End of free
[SLAB] Free 0x0000000087e75de0 in slab 0x0000000087e75000 (file_cache)
[SLAB] End of free
[SLAB] Free 0x0000000087ee7018 in slab 0x0000000087ee7000 (file_cache)
[SLAB] End of free
[SLAB] Free 0x0000000087ee7210 in slab 0x0000000087ee7000 (file_cache)
[SLAB] End of free
[SLAB] Alloc request on cache file_cache
[SLAB] Object 0x0000000087f59838 in slab 0x0000000087f59000 (file_cache) is allocated and initialized
[SLAB] Alloc request on cache file_cache
[SLAB] Object 0x0000000087f59c28 in slab 0x0000000087f59000 (file_cache) is allocated and initialized
[SLAB] Alloc request on cache file_cache
[SLAB] Object 0x0000000087e75de0 in slab 0x0000000087e75000 (file_cache) is allocated and initialized
[SLAB] Alloc request on cache file_cache
[SLAB] Object 0x0000000087e75be8 in slab 0x0000000087e75000 (file_cache) is allocated and initialized
[SLAB] Alloc request on cache file_cache
[SLAB] Object 0x0000000087e759f0 in slab 0x0000000087e75000 (file_cache) is allocated and initialized
[SLAB] Alloc request on cache file_cache
[SLAB] Object 0x0000000087e757f8 in slab 0x0000000087e75000 (file_cache) is allocated and initialized
[SLAB] Alloc request on cache file_cache
[SLAB] Object 0x0000000087e75600 in slab 0x0000000087e75000 (file_cache) is allocated and initialized
[SLAB] Alloc request on cache file_cache
[SLAB] Object 0x0000000087e75408 in slab 0x0000000087e75000 (file_cache) is allocated and initialized
[SLAB] Free 0x0000000087e75018 in slab 0x0000000087e75000 (file_cache)
[SLAB] End of free
[SLAB] Free 0x0000000087f59448 in slab 0x0000000087f59000 (file_cache)
[SLAB] End of free
[SLAB] Free 0x0000000087e75210 in slab 0x0000000087e75000 (file_cache)
[SLAB] End of free
[SLAB] Free 0x0000000087f59838 in slab 0x0000000087f59000 (file_cache)
[SLAB] End of free
[SLAB] Free 0x0000000087f59c28 in slab 0x0000000087f59000 (file_cache)
[SLAB] End of free
[SLAB] Free 0x0000000087e75de0 in slab 0x0000000087e75000 (file_cache)
[SLAB] End of free
[SLAB] Free 0x0000000087e75be8 in slab 0x0000000087e75000 (file_cache)
[SLAB] End of free
[SLAB] Free 0x0000000087e759f0 in slab 0x0000000087e75000 (file_cache)
[SLAB] End of free
[SLAB] Free 0x0000000087e757f8 in slab 0x0000000087e75000 (file_cache)
[SLAB] End of free
[SLAB] Free 0x0000000087e75600 in slab 0x0000000087e75000 (file_cache)
[SLAB] End of free
[SLAB] Free 0x0000000087e75408 in slab 0x0000000087e75000 (file_cache)
[SLAB] End of free
[SLAB] Free 0x0000000087f59a30 in slab 0x0000000087f59000 (file_cache)
[SLAB] End of free
[SLAB] Free 0x0000000087f59640 in slab 0x0000000087f59000 (file_cache)
[SLAB] End of free
[SLAB] Free 0x0000000087f59250 in slab 0x0000000087f59000 (file_cache)
[SLAB] End of free
$ checkstr ok Ok
[SLAB] Alloc request on cache file_cache
[SLAB] Object 0x0000000087f59250 in slab 0x0000000087f59000 (file_cache) is allocated and initialized
[SLAB] Free 0x0000000087f59250 in slab 0x0000000087f59000 (file_cache)
[SLAB] End of free
Contents match: 'Ok' equals 'Ok'
$ qemu-system-riscv64: terminating on signal 15 from pid 1171 (make)
