
xv6 kernel is booting

[MP2] Slab size: 3
[SLAB] New kmem_cache (name: file_cache, object size: 504 bytes, at: 0x0000000087f59000, max objects per slab: 8, support in cache obj: 7) is created
hart 2 starting
hart 1 starting
[SLAB] Alloc request on cache file_cache
[SLAB] Object 0x0000000087f59058 in slab 0x0000000087f59000 (file_cache) is allocated and initialized
init: starting sh
[SLAB] Alloc request on cache file_cache
[SLAB] Object 0x0000000087f59250 in slab 0x0000000087f59000 (file_cache) is allocated and initialized
[SLAB] Free 0x0000000087f59250 in slab 0x0000000087f59000 (file_cache)
[SLAB] End of free
$ echo Ok | tee f1 | gah . 16 | tee f2 | oak end > ok
[SLAB] Alloc request on cache file_cache
[SLAB] Object 0x0000000087f59250 in slab 0x0000000087f59000 (file_cache) is allocated and initialized
[SLAB] Alloc request on cache file_cache
[SLAB] Object 0x0000000087f59448 in slab 0x0000000087f59000 (file_cache) is allocated and initialized
[SLAB] Alloc request on cache file_cache
[SLAB] Object 0x0000000087f59640 in slab 0x0000000087f59000 (file_cache) is allocated and initialized
[SLAB] Alloc request on cache file_cache
[SLAB] Object 0x0000000087f59838 in slab 0x0000000087f59000 (file_cache) is allocated and initialized
[SLAB] Alloc request on cache file_cache
[SLAB] Object 0x0000000087f59a30 in slab 0x0000000087f59000 (file_cache) is allocated and initialized
[SLAB] Alloc request on cache file_cache
[SLAB] Object 0x0000000087f59c28 in slab 0x0000000087f59000 (file_cache) is allocated and initialized
[SLAB] Alloc request on cache file_cache
[SLAB] A new slab 0x0000000087f0a000 (file_cache) is allocated
[SLAB] Object 0x0000000087f0a018 in slab 0x0000000087f0a000 (file_cache) is allocated and initialized
[SLAB] Alloc request on cache file_cache
[SLAB] Object 0x0000000087f0a210 in slab 0x0000000087f0a000 (file_cache) is allocated and initialized
[SLAB] Free 0x0000000087f59448 in slab 0x0000000087f59000 (file_cache)
[SLAB] End of free
[SLAB] Alloc request on cache file_cache
[SLAB] Object 0x0000000087f59448 in slab 0x0000000087f59000 (file_cache) is allocated and initialized
[SLAB] Alloc request on cache file_cache
[SLAB] Object 0x0000000087f0a408 in slab 0x0000000087f0a000 (file_cache) is allocated and initialized
[SLAB] Alloc request on cache file_cache
[SLAB] Object 0x0000000087f0a600 in slab 0x0000000087f0a000 (file_cache) is allocated and initialized
[SLAB] Free 0x0000000087f0a600 in slab 0x0000000087f0a000 (file_cache)
[SLAB] End of free
[SLAB] Free 0x0000000087f59838 in slab 0x0000000087f59000 (file_cache)
[SLAB] End of free
[SLAB] Alloc request on cache file_cache
[SLAB] Object 0x0000000087f59838 in slab 0x0000000087f59000 (file_cache) is allocated and initialized
[SLAB] Alloc request on cache file_cache
[SLAB] Object 0x0000000087f0a600 in slab 0x0000000087f0a000 (file_cache) is allocated and initialized
[SLAB] Alloc request on cache file_cache
[SLAB] Object 0x0000000087f0a7f8 in slab 0x0000000087f0a000 (file_cache) is allocated and initialized
[SLAB] Alloc request on cache file_cache
[SLAB] Object 0x0000000087f0a9f0 in slab 0x0000000087f0a000 (file_cache) is allocated and initialized
[SLAB] Alloc request on cache file_cache
[SLAB] Object 0x0000000087f0abe8 in slab 0x0000000087f0a000 (file_cache) is allocated and initialized
[SLAB] Alloc request on cache file_cache
[SLAB] Object 0x0000000087f0ade0 in slab 0x0000000087f0a000 (file_cache) is allocated and initialized
[SLAB] Alloc request on cache file_cache
[SLAB] A new slab 0x0000000087e72000 (file_cache) is allocated
[SLAB] Object 0x0000000087e72018 in slab 0x0000000087e72000 (file_cache) is allocated and initialized
[SLAB] Alloc request on cache file_cache
[SLAB] Object 0x0000000087e72210 in slab 0x0000000087e72000 (file_cache) is allocated and initialized
[SLAB] Alloc request on cache file_cache
[SLAB] Object 0x0000000087e72408 in slab 0x0000000087e72000 (file_cache) is allocated and initialized
[SLAB] Alloc request on cache file_cache
[SLAB] Object 0x0000000087e72600 in slab 0x0000000087e72000 (file_cache) is allocated and initialized
[SLAB] Alloc request on cache file_cache
[SLAB] Object 0x0000000087e727f8 in slab 0x0000000087e72000 (file_cache) is allocated and initialized
[SLAB] Alloc request on cache file_cache
[SLAB] Object 0x0000000087e729f0 in slab 0x0000000087e72000 (file_cache) is allocated and initialized
[SLAB] Alloc request on cache file_cache
[SLAB] Object 0x0000000087e72be8 in slab 0x0000000087e72000 (file_cache) is allocated and initialized
[SLAB] Alloc request on cache file_cache
[SLAB] Object 0x0000000087e72de0 in slab 0x0000000087e72000 (file_cache) is allocated and initialized
[SLAB] Alloc request on cache file_cache
[SLAB] A new slab 0x0000000087e54000 (file_cache) is allocated
[SLAB] Object 0x0000000087e54018 in slab 0x0000000087e54000 (file_cache) is allocated and initialized
[SLAB] Alloc request on cache file_cache
[SLAB] Object 0x0000000087e54210 in slab 0x0000000087e54000 (file_cache) is allocated and initialized
[SLAB] Free 0x0000000087f0a018 in slab 0x0000000087f0a000 (file_cache)
[SLAB] End of free
[SLAB] Free 0x0000000087f59448 in slab 0x0000000087f59000 (file_cache)
[SLAB] End of free
[SLAB] Free 0x0000000087f59c28 in slab 0x0000000087f59000 (file_cache)
[SLAB] End of free
[SLAB] Free 0x0000000087f0a408 in slab 0x0000000087f0a000 (file_cache)
[SLAB] End of free
[SLAB] Free 0x0000000087f59838 in slab 0x0000000087f59000 (file_cache)
[SLAB] End of free
[SLAB] Free 0x0000000087f0a600 in slab 0x0000000087f0a000 (file_cache)
[SLAB] End of free
[SLAB] Free 0x0000000087f0a210 in slab 0x0000000087f0a000 (file_cache)
[SLAB] End of free
[SLAB] Free 0x0000000087f0a7f8 in slab 0x0000000087f0a000 (file_cache)
[SLAB] End of free
[SLAB] Free 0x0000000087f0a9f0 in slab 0x0000000087f0a000 (file_cache)
[SLAB] End of free
[SLAB] Free 0x0000000087f0abe8 in slab 0x0000000087f0a000 (file_cache)
[SLAB] End of free
[SLAB] Free 0x0000000087f0ade0 in slab 0x0000000087f0a000 (file_cache)
[SLAB] End of free
[SLAB] Free 0x0000000087e72018 in slab 0x0000000087e72000 (file_cache)
[SLAB] End of free
[SLAB] Free 0x0000000087e72210 in slab 0x0000000087e72000 (file_cache)
[SLAB] End of free
[SLAB] Free 0x0000000087e72408 in slab 0x0000000087e72000 (file_cache)
[SLAB] End of free
[SLAB] Free 0x0000000087e72600 in slab 0x0000000087e72000 (file_cache)
[SLAB] End of free
[SLAB] Free 0x0000000087e727f8 in slab 0x0000000087e72000 (file_cache)
[SLAB] End of free
[SLAB] Free 0x0000000087e729f0 in slab 0x0000000087e72000 (file_cache)
[SLAB] End of free
[SLAB] Free 0x0000000087f59a30 in slab 0x0000000087f59000 (file_cache)
[SLAB] End of free
[SLAB] Free 0x0000000087e72be8 in slab 0x0000000087e72000 (file_cache)
[SLAB] End of free
[SLAB] Free 0x0000000087e72de0 in slab 0x0000000087e72000 (file_cache)
[SLAB] slab 0x0000000087e72000 (file_cache) is freed due to save memory
[SLAB] End of free
[SLAB] Free 0x0000000087e54018 in slab 0x0000000087e54000 (file_cache)
[SLAB] End of free
[SLAB] Free 0x0000000087e54210 in slab 0x0000000087e54000 (file_cache)
[SLAB] End of free
[SLAB] Free 0x0000000087f59640 in slab 0x0000000087f59000 (file_cache)
[SLAB] End of free
[SLAB] Free 0x0000000087f59250 in slab 0x0000000087f59000 (file_cache)
[SLAB] End of free
$ qemu-system-riscv64: terminating on signal 15 from pid 997 (make)
