
xv6 kernel is booting

[MP2] Slab size: 3
[SLAB] New kmem_cache (name: file_cache, object size: 504 bytes, at: 0x0000000087f59000, max objects per slab: 8, support in cache obj: 7) is created
hart 1 starting
hart 2 starting
[SLAB] Alloc request on cache file_cache
[SLAB] Object 0x0000000087f59058 in slab 0x0000000087f59000 (file_cache) is allocated and initialized
init: starting sh
[SLAB] Alloc request on cache file_cache
[SLAB] Object 0x0000000087f59250 in slab 0x0000000087f59000 (file_cache) is allocated and initialized
[SLAB] Free 0x0000000087f59250 in slab 0x0000000087f59000 (file_cache)
[SLAB] End of free
$ echo Ok | tee f1 | gah . 24 | tee f2 | oak end > ok
[SLAB] Alloc request on cache file_cache
[SLAB] Object 0x0000000087f59250 in slab 0x0000000087f59000 (file_cache) is allocated and initialized
[SLAB] Alloc request on cache file_cache
[SLAB] Object 0x0000000087f59448 in slab 0x0000000087f59000 (file_cache) is allocated and initialized
[SLAB] Alloc request on cache file_cache
[SLAB] Object 0x0000000087f59640 in slab 0x0000000087f59000 (file_cache) is allocated and initialized
[SLAB] Alloc request on cache file_cache
[SLAB] Object 0x0000000087f59838 in slab 0x0000000087f59000 (file_cache) is allocated and initialized
[SLAB] Alloc request on cache file_cache
[SLAB] Object 0x0000000087f59a30 in slab 0x0000000087f59000 (file_cache) is allocated and initialized
[SLAB] Alloc request on cache file_cache
[SLAB] Object 0x0000000087f59c28 in slab 0x0000000087f59000 (file_cache) is allocated and initialized
[SLAB] Alloc request on cache file_cache
[SLAB] A new slab 0x0000000087e73000 (file_cache) is allocated
[SLAB] Object 0x0000000087e73018 in slab 0x0000000087e73000 (file_cache) is allocated and initialized
[SLAB] Alloc request on cache file_cache
[SLAB] Object 0x0000000087e73210 in slab 0x0000000087e73000 (file_cache) is allocated and initialized
[SLAB] Free 0x0000000087f59448 in slab 0x0000000087f59000 (file_cache)
[SLAB] End of free
[SLAB] Alloc request on cache file_cache
[SLAB] Object 0x0000000087f59448 in slab 0x0000000087f59000 (file_cache) is allocated and initialized
[SLAB] Alloc request on cache file_cache
[SLAB] Object 0x0000000087e73408 in slab 0x0000000087e73000 (file_cache) is allocated and initialized
[SLAB] Free 0x0000000087e73408 in slab 0x0000000087e73000 (file_cache)
[SLAB] End of free
[SLAB] Free 0x0000000087f59838 in slab 0x0000000087f59000 (file_cache)
[SLAB] End of free
[SLAB] Alloc request on cache file_cache
[SLAB] Object 0x0000000087f59838 in slab 0x0000000087f59000 (file_cache) is allocated and initialized
[SLAB] Alloc request on cache file_cache
[SLAB] Object 0x0000000087e73408 in slab 0x0000000087e73000 (file_cache) is allocated and initialized
[SLAB] Alloc request on cache file_cache
[SLAB] Object 0x0000000087e73600 in slab 0x0000000087e73000 (file_cache) is allocated and initialized
[SLAB] Alloc request on cache file_cache
[SLAB] Object 0x0000000087e737f8 in slab 0x0000000087e73000 (file_cache) is allocated and initialized
[SLAB] Alloc request on cache file_cache
[SLAB] Object 0x0000000087e739f0 in slab 0x0000000087e73000 (file_cache) is allocated and initialized
[SLAB] Alloc request on cache file_cache
[SLAB] Object 0x0000000087e73be8 in slab 0x0000000087e73000 (file_cache) is allocated and initialized
[SLAB] Alloc request on cache file_cache
[SLAB] Object 0x0000000087e73de0 in slab 0x0000000087e73000 (file_cache) is allocated and initialized
[SLAB] Alloc request on cache file_cache
[SLAB] A new slab 0x0000000087eed000 (file_cache) is allocated
[SLAB] Object 0x0000000087eed018 in slab 0x0000000087eed000 (file_cache) is allocated and initialized
[SLAB] Alloc request on cache file_cache
[SLAB] Object 0x0000000087eed210 in slab 0x0000000087eed000 (file_cache) is allocated and initialized
[SLAB] Alloc request on cache file_cache
[SLAB] Object 0x0000000087eed408 in slab 0x0000000087eed000 (file_cache) is allocated and initialized
[SLAB] Alloc request on cache file_cache
[SLAB] Object 0x0000000087eed600 in slab 0x0000000087eed000 (file_cache) is allocated and initialized
[SLAB] Alloc request on cache file_cache
[SLAB] Object 0x0000000087eed7f8 in slab 0x0000000087eed000 (file_cache) is allocated and initialized
[SLAB] Alloc request on cache file_cache
[SLAB] Object 0x0000000087eed9f0 in slab 0x0000000087eed000 (file_cache) is allocated and initialized
[SLAB] Alloc request on cache file_cache
[SLAB] Object 0x0000000087eedbe8 in slab 0x0000000087eed000 (file_cache) is allocated and initialized
[SLAB] Alloc request on cache file_cache
[SLAB] Object 0x0000000087eedde0 in slab 0x0000000087eed000 (file_cache) is allocated and initialized
[SLAB] Alloc request on cache file_cache
[SLAB] A new slab 0x0000000087eee000 (file_cache) is allocated
[SLAB] Object 0x0000000087eee018 in slab 0x0000000087eee000 (file_cache) is allocated and initialized
[SLAB] Alloc request on cache file_cache
[SLAB] Object 0x0000000087eee210 in slab 0x0000000087eee000 (file_cache) is allocated and initialized
[SLAB] Alloc request on cache file_cache
[SLAB] Object 0x0000000087eee408 in slab 0x0000000087eee000 (file_cache) is allocated and initialized
[SLAB] Alloc request on cache file_cache
[SLAB] Object 0x0000000087eee600 in slab 0x0000000087eee000 (file_cache) is allocated and initialized
[SLAB] Alloc request on cache file_cache
[SLAB] Object 0x0000000087eee7f8 in slab 0x0000000087eee000 (file_cache) is allocated and initialized
[SLAB] Alloc request on cache file_cache
[SLAB] Object 0x0000000087eee9f0 in slab 0x0000000087eee000 (file_cache) is allocated and initialized
[SLAB] Alloc request on cache file_cache
[SLAB] Object 0x0000000087eeebe8 in slab 0x0000000087eee000 (file_cache) is allocated and initialized
[SLAB] Alloc request on cache file_cache
[SLAB] Object 0x0000000087eeede0 in slab 0x0000000087eee000 (file_cache) is allocated and initialized
[SLAB] Alloc request on cache file_cache
[SLAB] A new slab 0x0000000087f23000 (file_cache) is allocated
[SLAB] Object 0x0000000087f23018 in slab 0x0000000087f23000 (file_cache) is allocated and initialized
[SLAB] Alloc request on cache file_cache
[SLAB] Object 0x0000000087f23210 in slab 0x0000000087f23000 (file_cache) is allocated and initialized
[SLAB] Free 0x0000000087e73018 in slab 0x0000000087e73000 (file_cache)
[SLAB] End of free
[SLAB] Free 0x0000000087f59448 in slab 0x0000000087f59000 (file_cache)
[SLAB] End of free
[SLAB] Free 0x0000000087f59c28 in slab 0x0000000087f59000 (file_cache)
[SLAB] End of free
[SLAB] Free 0x0000000087e73408 in slab 0x0000000087e73000 (file_cache)
[SLAB] End of free
[SLAB] Free 0x0000000087e73600 in slab 0x0000000087e73000 (file_cache)
[SLAB] End of free
[SLAB] Free 0x0000000087f59838 in slab 0x0000000087f59000 (file_cache)
[SLAB] End of free
[SLAB] Free 0x0000000087e737f8 in slab 0x0000000087e73000 (file_cache)
[SLAB] End of free
[SLAB] Free 0x0000000087e73210 in slab 0x0000000087e73000 (file_cache)
[SLAB] End of free
[SLAB] Free 0x0000000087e739f0 in slab 0x0000000087e73000 (file_cache)
[SLAB] End of free
[SLAB] Free 0x0000000087e73be8 in slab 0x0000000087e73000 (file_cache)
[SLAB] End of free
[SLAB] Free 0x0000000087e73de0 in slab 0x0000000087e73000 (file_cache)
[SLAB] End of free
[SLAB] Free 0x0000000087f59a30 in slab 0x0000000087f59000 (file_cache)
[SLAB] End of free
[SLAB] Free 0x0000000087eed018 in slab 0x0000000087eed000 (file_cache)
[SLAB] End of free
[SLAB] Free 0x0000000087eed210 in slab 0x0000000087eed000 (file_cache)
[SLAB] End of free
[SLAB] Free 0x0000000087eed408 in slab 0x0000000087eed000 (file_cache)
[SLAB] End of free
[SLAB] Free 0x0000000087eed600 in slab 0x0000000087eed000 (file_cache)
[SLAB] End of free
[SLAB] Free 0x0000000087eed7f8 in slab 0x0000000087eed000 (file_cache)
[SLAB] End of free
[SLAB] Free 0x0000000087eed9f0 in slab 0x0000000087eed000 (file_cache)
[SLAB] End of free
[SLAB] Free 0x0000000087eedbe8 in slab 0x0000000087eed000 (file_cache)
[SLAB] End of free
[SLAB] Free 0x0000000087eedde0 in slab 0x0000000087eed000 (file_cache)
[SLAB] slab 0x0000000087eed000 (file_cache) is freed due to save memory
[SLAB] End of free
[SLAB] Free 0x0000000087eee018 in slab 0x0000000087eee000 (file_cache)
[SLAB] End of free
[SLAB] Free 0x0000000087eee210 in slab 0x0000000087eee000 (file_cache)
[SLAB] End of free
[SLAB] Free 0x0000000087eee408 in slab 0x0000000087eee000 (file_cache)
[SLAB] End of free
[SLAB] Free 0x0000000087eee600 in slab 0x0000000087eee000 (file_cache)
[SLAB] End of free
[SLAB] Free 0x0000000087eee7f8 in slab 0x0000000087eee000 (file_cache)
[SLAB] End of free
[SLAB] Free 0x0000000087eee9f0 in slab 0x0000000087eee000 (file_cache)
[SLAB] End of free
[SLAB] Free 0x0000000087eeebe8 in slab 0x0000000087eee000 (file_cache)
[SLAB] End of free
[SLAB] Free 0x0000000087eeede0 in slab 0x0000000087eee000 (file_cache)
[SLAB] slab 0x0000000087eee000 (file_cache) is freed due to save memory
[SLAB] End of free
[SLAB] Free 0x0000000087f23018 in slab 0x0000000087f23000 (file_cache)
[SLAB] End of free
[SLAB] Free 0x0000000087f23210 in slab 0x0000000087f23000 (file_cache)
[SLAB] End of free
[SLAB] Free 0x0000000087f59640 in slab 0x0000000087f59000 (file_cache)
[SLAB] End of free
[SLAB] Free 0x0000000087f59250 in slab 0x0000000087f59000 (file_cache)
[SLAB] End of free
$ qemu-system-riscv64: terminating on signal 15 from pid 1026 (make)
