
xv6 kernel is booting

[MP2] Slab size: 3
[SLAB] New kmem_cache (name: file_cache, object size: 504 bytes, at: 0x0000000087f59000, max objects per slab: 8, support in cache obj: 7) is created
hart 2 starting
hart 1 starting
[SLAB] Alloc request on cache file_cache
[SLAB] Object 0x0000000087f59058 in slab 0x0000000087f59000 (file_cache) is allocated and initialized
init: starting sh
[SLAB] Alloc request on cache file_cache
[SLAB] Object 0x0000000087f59250 in slab 0x0000000087f59000 (file_cache) is allocated and initialized
[SLAB] Free 0x0000000087f59250 in slab 0x0000000087f59000 (file_cache)
[SLAB] End of free
$ echo Ok > ok
[SLAB] Alloc request on cache file_cache
[SLAB] Object 0x0000000087f59250 in slab 0x0000000087f59000 (file_cache) is allocated and initialized
[SLAB] Free 0x0000000087f59250 in slab 0x0000000087f59000 (file_cache)
[SLAB] End of free
$ checkstr ok Ok
[SLAB] Alloc request on cache file_cache
[SLAB] Object 0x0000000087f59250 in slab 0x0000000087f59000 (file_cache) is allocated and initialized
[SLAB] Free 0x0000000087f59250 in slab 0x0000000087f59000 (file_cache)
[SLAB] End of free
Contents match: 'Ok' equals 'Ok'
$ qemu-system-riscv64: terminating on signal 15 from pid 649 (make)
